2025-06-02 08:09:55,283 - __main__ - INFO - === StillGen Processing Started ===
2025-06-02 08:09:55,283 - __main__ - INFO - Checking dependencies...
2025-06-02 08:09:55,283 - stillgen.dependencies - INFO - === Checking Dependencies ===
2025-06-02 08:09:55,283 - stillgen.dependencies - INFO - ✓ Python 3.12.3
2025-06-02 08:09:55,283 - stillgen.dependencies - INFO - ✓ Pillow
2025-06-02 08:09:55,351 - stillgen.dependencies - INFO - ✓ numpy
2025-06-02 08:09:55,351 - stillgen.dependencies - INFO - ✓ tqdm
2025-06-02 08:09:55,351 - stillgen.dependencies - INFO - ✓ PyYAML
2025-06-02 08:09:55,867 - stillgen.dependencies - INFO - ✓ OpenImageIO (oiiotool) - 2.5.12.0
2025-06-02 08:09:55,867 - stillgen.dependencies - INFO - ✓ OCIO config template (config_template.ocio)
2025-06-02 08:09:55,867 - stillgen.dependencies - INFO - ✓ Logo image (logo_image.png)
2025-06-02 08:09:55,867 - stillgen.dependencies - INFO - ✓ Tool image (tool_image.png)
2025-06-02 08:09:55,867 - stillgen.dependencies - INFO - ✓ Font file (monarcha-regular.ttf)
2025-06-02 08:09:55,867 - stillgen.dependencies - INFO - ✓ 01_INPUT_STILLS/
2025-06-02 08:09:55,867 - stillgen.dependencies - INFO - ✓ 02_DIT_CSV/
2025-06-02 08:09:55,867 - stillgen.dependencies - INFO - ✓ 03_DIT_FbF/
2025-06-02 08:09:55,867 - stillgen.dependencies - INFO - ✓ 04_LAB_ALE/
2025-06-02 08:09:55,867 - stillgen.dependencies - INFO - ✓ 05_OUTPUT_STILLS/
2025-06-02 08:09:55,868 - stillgen.dependencies - INFO - ✓ stillgen/static/lut_dir/
2025-06-02 08:09:55,868 - stillgen.dependencies - INFO - 
✓ All dependencies satisfied!
2025-06-02 08:09:55,868 - __main__ - INFO - Loading ALE files...
2025-06-02 08:09:55,868 - stillgen.parsers - INFO - Found 8 ALE file(s) in 04_LAB_ALE
2025-06-02 08:09:55,868 - stillgen.parsers - INFO - Processing ALE file: 20250529_SD008_ENT_Master.ALE
2025-06-02 08:09:55,869 - stillgen.parsers - INFO - Processing ALE file: 20250522_SD004_ENT_Master.ALE
2025-06-02 08:09:55,870 - stillgen.parsers - INFO - Processing ALE file: 20250528_SD007_ENT_Master.ALE
2025-06-02 08:09:55,870 - stillgen.parsers - INFO - Processing ALE file: 20250527_SD006_ENT_Master.ALE
2025-06-02 08:09:55,871 - stillgen.parsers - INFO - Processing ALE file: 20250523_SD005_ENT_Master.ALE
2025-06-02 08:09:55,871 - stillgen.parsers - INFO - Processing ALE file: 20250519_SD001_ENT_Master_REGRADE.ALE
2025-06-02 08:09:55,872 - stillgen.parsers - INFO - Processing ALE file: 20250520_SD002_ENT_Master.ALE
2025-06-02 08:09:55,872 - stillgen.parsers - INFO - Processing ALE file: 20250521_SD003_ENT_Master.ALE
2025-06-02 08:09:55,873 - stillgen.parsers - INFO - Total clips loaded from ALE files: 908
2025-06-02 08:09:55,873 - __main__ - INFO - Loaded 908 clips from ALE files
2025-06-02 08:09:55,873 - __main__ - INFO - Loading Silverstack CSV files...
2025-06-02 08:09:55,873 - stillgen.parsers - INFO - Processing Silverstack CSV: MKT_20250519_SD001_ENT.csv
2025-06-02 08:09:55,874 - stillgen.parsers - INFO - Processing Silverstack CSV: MKT_20250528_SD007_ENT.csv
2025-06-02 08:09:55,874 - stillgen.parsers - INFO - Processing Silverstack CSV: MKT_20250522_SD004_ENT.csv
2025-06-02 08:09:55,875 - stillgen.parsers - INFO - Processing Silverstack CSV: MKT_20250520_SD002_ENT.csv
2025-06-02 08:09:55,875 - stillgen.parsers - INFO - Processing Silverstack CSV: MKT_20250529_SD008_ENT.csv
2025-06-02 08:09:55,876 - stillgen.parsers - INFO - Processing Silverstack CSV: MKT_20250521_SD003_ENT.csv
2025-06-02 08:09:55,876 - stillgen.parsers - INFO - Processing Silverstack CSV: MKT_20250527_SD006_ENT.csv
2025-06-02 08:09:55,877 - stillgen.parsers - INFO - Processing Silverstack CSV: MKT_20250523_SD005_ENT.csv
2025-06-02 08:09:55,877 - stillgen.parsers - INFO - Total clips loaded from Silverstack files: 454
2025-06-02 08:09:55,877 - __main__ - INFO - Loaded 454 clips from Silverstack files
2025-06-02 08:09:55,877 - __main__ - INFO - Scanning for TIFF files...
2025-06-02 08:09:55,878 - __main__ - INFO - Found 1 TIFF files to process
2025-06-02 08:09:55,878 - __main__ - INFO - Using 10 worker processes
2025-06-02 08:09:57,277 - __main__ - INFO - 
=== Processing Complete ===
2025-06-02 08:09:57,277 - __main__ - INFO - Successfully processed: 1/1 files
